[     607ms] [LOG] JQMIGRATE: Migrate is installed, version 3.4.1 @ https://xperiun.com/wp-includes/js/jquery/jquery-migrate.min.js?ver=3.4.1:1
[     860ms] ReferenceError: RocketBrowserCompatibilityChecker is not defined
    at n.value (rocket-preload-links-js-after:3:3273)
    at rocket-preload-links-js-after:3:3376
    at rocket-preload-links-js-after:4:2
[    2116ms] [LOG] VK Page View Pixel: Script loaded and initialized. @ https://cf.vkdigital.com.br/event_pageview.js:16
[    2117ms] [LOG] VK Page View Pixel: Initialized with Client ID: IBkDUmzJcGjYPrSxJnTY @ https://cf.vkdigital.com.br/event_pageview.js:34
[    2202ms] [LOG] VK Pixel: Script loaded successfully @ https://cf.vkdigital.com.br/pixel.js?v=55:4
[    2698ms] [ERROR] Access to XMLHttpRequest at 'https://gso.kommo.com/social_button/settings/?client_version=3&id=1016975&hash=e38760a779d193c969ce07f5df2b19679b23f3fcc178e291d8ba3a555e58ca69' from origin 'https://xperiun.com' has been blocked by CORS policy: No 'Access-Control-Allow-Origin' header is present on the requested resource. @ https://xperiun.com/:0
[    2698ms] [ERROR] Failed to load resource: net::ERR_FAILED @ https://gso.kommo.com/social_button/settings/?client_version=3&id=1016975&hash=e38760a779d193c969ce07f5df2b19679b23f3fcc178e291d8ba3a555e58ca69:0
[  253533ms] [LOG] Lenis @ :8
[  253548ms] [LOG] Lenis @ :8
[  253563ms] [LOG] Lenis @ :8
[  253579ms] [LOG] Lenis @ :8
[  253602ms] [LOG] Lenis @ :8
[  253614ms] [LOG] Lenis @ :8
[  253632ms] [LOG] Lenis @ :8
[  253648ms] [LOG] Lenis @ :8
[  253663ms] [LOG] Lenis @ :8
[  253689ms] [LOG] Lenis @ :8
[  253698ms] [LOG] Lenis @ :8
[  253726ms] [LOG] Lenis @ :8
[  253765ms] [LOG] Lenis @ :8
[  253782ms] [LOG] Lenis @ :8
[  253797ms] [LOG] Lenis @ :8
[  253821ms] [LOG] Lenis @ :8
[  253832ms] [LOG] Lenis @ :8
[  253850ms] [LOG] Lenis @ :8
[  253875ms] [LOG] Lenis @ :8
[  253893ms] [LOG] Lenis @ :8
[  253921ms] [LOG] Lenis @ :8
[  253940ms] [LOG] Lenis @ :8
[  253971ms] [LOG] Lenis @ :8
[  253985ms] [LOG] Lenis @ :8
[  253997ms] [LOG] Lenis @ :8
[  254399ms] [LOG] Lenis @ :8
[  259196ms] [LOG] Lenis @ :8
[  259213ms] [LOG] Lenis @ :8
[  259230ms] [LOG] Lenis @ :8
[  259246ms] [LOG] Lenis @ :8
[  259263ms] [LOG] Lenis @ :8
[  259279ms] [LOG] Lenis @ :8
[  259296ms] [LOG] Lenis @ :8
[  259314ms] [LOG] Lenis @ :8
[  259329ms] [LOG] Lenis @ :8
[  259348ms] [LOG] Lenis @ :8
[  259363ms] [LOG] Lenis @ :8
[  259379ms] [LOG] Lenis @ :8
[  259396ms] [LOG] Lenis @ :8
[  259413ms] [LOG] Lenis @ :8
[  259429ms] [LOG] Lenis @ :8
[  259447ms] [LOG] Lenis @ :8
[  259462ms] [LOG] Lenis @ :8
[  259481ms] [LOG] Lenis @ :8
[  259496ms] [LOG] Lenis @ :8
[  259512ms] [LOG] Lenis @ :8
[  259531ms] [LOG] Lenis @ :8
[  259545ms] [LOG] Lenis @ :8
[  259562ms] [LOG] Lenis @ :8
[  259580ms] [LOG] Lenis @ :8
[  259597ms] [LOG] Lenis @ :8
[  260006ms] [LOG] Lenis @ :8
