[2026-05-27 20:46:03] [SKILL_WATCHER] [INGRID] Iniciando -- monitorando C:\Users\Eduardo DELL\OneDrive\Área de Trabalho\vanguard\CLIENTES\INGRID\NOTEBOOKLM_DROP para arquivos .md
[2026-05-27 20:46:03] [SKILL_WATCHER] [INGRID] Watcher ativo. Salve a Skill em: C:\Users\Eduardo DELL\OneDrive\Área de Trabalho\vanguard\CLIENTES\INGRID\NOTEBOOKLM_DROP
[2026-05-28 20:52:47] [SKILL_WATCHER] [INGRID] Iniciando -- monitorando C:\Users\Eduardo DELL\OneDrive\Área de Trabalho\vanguard\CLIENTES\INGRID\NOTEBOOKLM_DROP para arquivos .md
[2026-05-28 20:52:47] [SKILL_WATCHER] [VALDECE] Iniciando -- monitorando C:\Users\Eduardo DELL\OneDrive\Área de Trabalho\vanguard\CLIENTES\VALDECE\NOTEBOOKLM_DROP para arquivos .md
[2026-05-28 20:52:47] [SKILL_WATCHER] [VALDECE] Watcher ativo. Salve a Skill em: C:\Users\Eduardo DELL\OneDrive\Área de Trabalho\vanguard\CLIENTES\VALDECE\NOTEBOOKLM_DROP
[2026-05-28 20:52:47] [SKILL_WATCHER] [INGRID] Watcher ativo. Salve a Skill em: C:\Users\Eduardo DELL\OneDrive\Área de Trabalho\vanguard\CLIENTES\INGRID\NOTEBOOKLM_DROP
[2026-05-28 21:26:38] [SKILL_WATCHER] [INGRID] Iniciando -- monitorando C:\Users\Eduardo DELL\OneDrive\Área de Trabalho\vanguard\CLIENTES\INGRID\NOTEBOOKLM_DROP para arquivos .md
[2026-05-28 21:26:38] [SKILL_WATCHER] [VALDECE] Iniciando -- monitorando C:\Users\Eduardo DELL\OneDrive\Área de Trabalho\vanguard\CLIENTES\VALDECE\NOTEBOOKLM_DROP para arquivos .md
[2026-05-28 21:26:38] [SKILL_WATCHER] [INGRID] Watcher ativo. Salve a Skill em: C:\Users\Eduardo DELL\OneDrive\Área de Trabalho\vanguard\CLIENTES\INGRID\NOTEBOOKLM_DROP
[2026-05-28 21:26:38] [SKILL_WATCHER] [VALDECE] Watcher ativo. Salve a Skill em: C:\Users\Eduardo DELL\OneDrive\Área de Trabalho\vanguard\CLIENTES\VALDECE\NOTEBOOKLM_DROP
[2026-05-28 22:05:09] [SKILL_WATCHER] [INGRID] Iniciando -- monitorando C:\Users\Eduardo DELL\OneDrive\Área de Trabalho\vanguard\CLIENTES\INGRID\NOTEBOOKLM_DROP para arquivos .md
[2026-05-28 22:05:09] [SKILL_WATCHER] [VALDECE] Iniciando -- monitorando C:\Users\Eduardo DELL\OneDrive\Área de Trabalho\vanguard\CLIENTES\VALDECE\NOTEBOOKLM_DROP para arquivos .md
[2026-05-28 22:05:09] [SKILL_WATCHER] [INGRID] Watcher ativo. Salve a Skill em: C:\Users\Eduardo DELL\OneDrive\Área de Trabalho\vanguard\CLIENTES\INGRID\NOTEBOOKLM_DROP
[2026-05-28 22:57:04] [SKILL_WATCHER] [INGRID] Iniciando -- monitorando C:\Users\Eduardo DELL\OneDrive\Área de Trabalho\vanguard\CLIENTES\INGRID\NOTEBOOKLM_DROP para arquivos .md
[2026-05-28 22:57:04] [SKILL_WATCHER] [VALDECE] Iniciando -- monitorando C:\Users\Eduardo DELL\OneDrive\Área de Trabalho\vanguard\CLIENTES\VALDECE\NOTEBOOKLM_DROP para arquivos .md
[2026-05-28 22:57:04] [SKILL_WATCHER] [INGRID] Watcher ativo. Salve a Skill em: C:\Users\Eduardo DELL\OneDrive\Área de Trabalho\vanguard\CLIENTES\INGRID\NOTEBOOKLM_DROP
[2026-05-28 22:57:04] [SKILL_WATCHER] [VALDECE] Watcher ativo. Salve a Skill em: C:\Users\Eduardo DELL\OneDrive\Área de Trabalho\vanguard\CLIENTES\VALDECE\NOTEBOOKLM_DROP
[2026-05-29 01:10:05] [SKILL_WATCHER] [VALDECE] Iniciando -- monitorando C:\Users\Eduardo DELL\OneDrive\Área de Trabalho\vanguard\CLIENTES\VALDECE\NOTEBOOKLM_DROP para arquivos .md
[2026-05-29 01:10:05] [SKILL_WATCHER] [INGRID] Iniciando -- monitorando C:\Users\Eduardo DELL\OneDrive\Área de Trabalho\vanguard\CLIENTES\INGRID\NOTEBOOKLM_DROP para arquivos .md
[2026-05-29 01:10:05] [SKILL_WATCHER] [VALDECE] Watcher ativo. Salve a Skill em: C:\Users\Eduardo DELL\OneDrive\Área de Trabalho\vanguard\CLIENTES\VALDECE\NOTEBOOKLM_DROP
[2026-05-29 01:10:05] [SKILL_WATCHER] [INGRID] Watcher ativo. Salve a Skill em: C:\Users\Eduardo DELL\OneDrive\Área de Trabalho\vanguard\CLIENTES\INGRID\NOTEBOOKLM_DROP
[2026-05-29 01:51:48] [SKILL_WATCHER] [INGRID] Iniciando -- monitorando C:\Users\Eduardo DELL\OneDrive\Área de Trabalho\vanguard\CLIENTES\INGRID\NOTEBOOKLM_DROP para arquivos .md
[2026-05-29 01:51:48] [SKILL_WATCHER] [VALDECE] Iniciando -- monitorando C:\Users\Eduardo DELL\OneDrive\Área de Trabalho\vanguard\CLIENTES\VALDECE\NOTEBOOKLM_DROP para arquivos .md
[2026-05-29 01:51:48] [SKILL_WATCHER] [INGRID] Watcher ativo. Salve a Skill em: C:\Users\Eduardo DELL\OneDrive\Área de Trabalho\vanguard\CLIENTES\INGRID\NOTEBOOKLM_DROP
[2026-05-29 01:51:48] [SKILL_WATCHER] [VALDECE] Watcher ativo. Salve a Skill em: C:\Users\Eduardo DELL\OneDrive\Área de Trabalho\vanguard\CLIENTES\VALDECE\NOTEBOOKLM_DROP
[2026-05-29 02:30:25] [SKILL_WATCHER] [INGRID] Iniciando -- monitorando C:\Users\Eduardo DELL\OneDrive\Área de Trabalho\vanguard\CLIENTES\INGRID\NOTEBOOKLM_DROP para arquivos .md
[2026-05-29 02:30:25] [SKILL_WATCHER] [VALDECE] Iniciando -- monitorando C:\Users\Eduardo DELL\OneDrive\Área de Trabalho\vanguard\CLIENTES\VALDECE\NOTEBOOKLM_DROP para arquivos .md
[2026-05-29 02:30:25] [SKILL_WATCHER] [INGRID] Watcher ativo. Salve a Skill em: C:\Users\Eduardo DELL\OneDrive\Área de Trabalho\vanguard\CLIENTES\INGRID\NOTEBOOKLM_DROP
[2026-05-29 02:30:25] [SKILL_WATCHER] [VALDECE] Watcher ativo. Salve a Skill em: C:\Users\Eduardo DELL\OneDrive\Área de Trabalho\vanguard\CLIENTES\VALDECE\NOTEBOOKLM_DROP
[2026-05-29 02:51:59] [SKILL_WATCHER] [INGRID] Iniciando -- monitorando C:\Users\Eduardo DELL\OneDrive\Área de Trabalho\vanguard\CLIENTES\INGRID\NOTEBOOKLM_DROP para arquivos .md
[2026-05-29 02:51:59] [SKILL_WATCHER] [VALDECE] Iniciando -- monitorando C:\Users\Eduardo DELL\OneDrive\Área de Trabalho\vanguard\CLIENTES\VALDECE\NOTEBOOKLM_DROP para arquivos .md
[2026-05-29 02:51:59] [SKILL_WATCHER] [INGRID] Watcher ativo. Salve a Skill em: C:\Users\Eduardo DELL\OneDrive\Área de Trabalho\vanguard\CLIENTES\INGRID\NOTEBOOKLM_DROP
[2026-05-29 02:51:59] [SKILL_WATCHER] [VALDECE] Watcher ativo. Salve a Skill em: C:\Users\Eduardo DELL\OneDrive\Área de Trabalho\vanguard\CLIENTES\VALDECE\NOTEBOOKLM_DROP
[2026-06-01 18:07:36] [SKILL_WATCHER] [INGRID] Iniciando -- monitorando C:\Users\Eduardo DELL\OneDrive\Área de Trabalho\vanguard\CLIENTES\INGRID\NOTEBOOKLM_DROP para arquivos .md
[2026-06-01 18:07:36] [SKILL_WATCHER] [INGRID] Watcher ativo. Salve a Skill em: C:\Users\Eduardo DELL\OneDrive\Área de Trabalho\vanguard\CLIENTES\INGRID\NOTEBOOKLM_DROP
[2026-06-01 18:07:36] [SKILL_WATCHER] [VALDECE] Watcher ativo. Salve a Skill em: C:\Users\Eduardo DELL\OneDrive\Área de Trabalho\vanguard\CLIENTES\VALDECE\NOTEBOOKLM_DROP
[2026-06-01 20:54:47] [SKILL_WATCHER] [VALDECE] Iniciando -- monitorando C:\Users\Eduardo DELL\OneDrive\Área de Trabalho\vanguard\CLIENTES\VALDECE\NOTEBOOKLM_DROP para arquivos .md
[2026-06-01 20:54:47] [SKILL_WATCHER] [INGRID] Iniciando -- monitorando C:\Users\Eduardo DELL\OneDrive\Área de Trabalho\vanguard\CLIENTES\INGRID\NOTEBOOKLM_DROP para arquivos .md
[2026-06-01 20:54:47] [SKILL_WATCHER] [VALDECE] Watcher ativo. Salve a Skill em: C:\Users\Eduardo DELL\OneDrive\Área de Trabalho\vanguard\CLIENTES\VALDECE\NOTEBOOKLM_DROP
[2026-06-01 20:54:47] [SKILL_WATCHER] [INGRID] Watcher ativo. Salve a Skill em: C:\Users\Eduardo DELL\OneDrive\Área de Trabalho\vanguard\CLIENTES\INGRID\NOTEBOOKLM_DROP
[2026-06-06 22:57:09] [SKILL_WATCHER] [VANGUARD] Pasta DROP criada: C:\Users\Eduardo DELL\OneDrive\Área de Trabalho\vanguard\CLIENTES\VANGUARD\NOTEBOOKLM_DROP
[2026-06-06 22:57:09] [SKILL_WATCHER] [VANGUARD] Iniciando -- monitorando C:\Users\Eduardo DELL\OneDrive\Área de Trabalho\vanguard\CLIENTES\VANGUARD\NOTEBOOKLM_DROP para arquivos .md
[2026-06-06 22:57:09] [SKILL_WATCHER] [VANGUARD] Watcher ativo. Salve a Skill em: C:\Users\Eduardo DELL\OneDrive\Área de Trabalho\vanguard\CLIENTES\VANGUARD\NOTEBOOKLM_DROP
[2026-06-06 23:44:32] [SKILL_WATCHER] [VANGUARD] Iniciando -- monitorando C:\Users\Eduardo DELL\OneDrive\Área de Trabalho\vanguard\CLIENTES\VANGUARD\NOTEBOOKLM_DROP para arquivos .md
[2026-06-06 23:44:32] [SKILL_WATCHER] [VANGUARD] Watcher ativo. Salve a Skill em: C:\Users\Eduardo DELL\OneDrive\Área de Trabalho\vanguard\CLIENTES\VANGUARD\NOTEBOOKLM_DROP
[2026-06-06 23:44:39] [SKILL_WATCHER] [VANGUARD] Iniciando -- monitorando C:\Users\Eduardo DELL\OneDrive\Área de Trabalho\vanguard\CLIENTES\VANGUARD\NOTEBOOKLM_DROP para arquivos .md
[2026-06-06 23:44:39] [SKILL_WATCHER] [VANGUARD] Watcher ativo. Salve a Skill em: C:\Users\Eduardo DELL\OneDrive\Área de Trabalho\vanguard\CLIENTES\VANGUARD\NOTEBOOKLM_DROP
[2026-06-07 01:14:00] [SKILL_WATCHER] [VANGUARD] Iniciando -- monitorando C:\Users\Eduardo DELL\OneDrive\Área de Trabalho\vanguard\CLIENTES\VANGUARD\NOTEBOOKLM_DROP para arquivos .md
[2026-06-07 01:14:00] [SKILL_WATCHER] [VANGUARD] Watcher ativo. Salve a Skill em: C:\Users\Eduardo DELL\OneDrive\Área de Trabalho\vanguard\CLIENTES\VANGUARD\NOTEBOOKLM_DROP
[2026-06-07 08:40:55] [SKILL_WATCHER] [VANGUARD] Iniciando -- monitorando C:\Users\Eduardo DELL\OneDrive\Área de Trabalho\vanguard\CLIENTES\VANGUARD\NOTEBOOKLM_DROP para arquivos .md
[2026-06-07 08:40:55] [SKILL_WATCHER] [VANGUARD] Watcher ativo. Salve a Skill em: C:\Users\Eduardo DELL\OneDrive\Área de Trabalho\vanguard\CLIENTES\VANGUARD\NOTEBOOKLM_DROP
[2026-06-07 08:46:59] [SKILL_WATCHER] [VANGUARD] Iniciando -- monitorando C:\Users\Eduardo DELL\OneDrive\Área de Trabalho\vanguard\CLIENTES\VANGUARD\NOTEBOOKLM_DROP para arquivos .md
[2026-06-07 08:46:59] [SKILL_WATCHER] [VANGUARD] Watcher ativo. Salve a Skill em: C:\Users\Eduardo DELL\OneDrive\Área de Trabalho\vanguard\CLIENTES\VANGUARD\NOTEBOOKLM_DROP
[2026-06-07 09:01:59] [SKILL_WATCHER] [VANGUARD] Iniciando -- monitorando C:\Users\Eduardo DELL\OneDrive\Área de Trabalho\vanguard\CLIENTES\VANGUARD\NOTEBOOKLM_DROP para arquivos .md
[2026-06-07 09:01:59] [SKILL_WATCHER] [VANGUARD] Watcher ativo. Salve a Skill em: C:\Users\Eduardo DELL\OneDrive\Área de Trabalho\vanguard\CLIENTES\VANGUARD\NOTEBOOKLM_DROP
[2026-06-07 09:03:10] [SKILL_WATCHER] [VANGUARD] Iniciando -- monitorando C:\Users\Eduardo DELL\OneDrive\Área de Trabalho\vanguard\CLIENTES\VANGUARD\NOTEBOOKLM_DROP para arquivos .md
[2026-06-07 09:03:10] [SKILL_WATCHER] [VANGUARD] Watcher ativo. Salve a Skill em: C:\Users\Eduardo DELL\OneDrive\Área de Trabalho\vanguard\CLIENTES\VANGUARD\NOTEBOOKLM_DROP
[2026-06-07 09:08:39] [SKILL_WATCHER] [VANGUARD] Iniciando -- monitorando C:\Users\Eduardo DELL\OneDrive\Área de Trabalho\vanguard\CLIENTES\VANGUARD\NOTEBOOKLM_DROP para arquivos .md
[2026-06-07 09:08:39] [SKILL_WATCHER] [VANGUARD] Watcher ativo. Salve a Skill em: C:\Users\Eduardo DELL\OneDrive\Área de Trabalho\vanguard\CLIENTES\VANGUARD\NOTEBOOKLM_DROP
[2026-06-07 10:09:23] [SKILL_WATCHER] [VANGUARD] Iniciando -- monitorando C:\Users\Eduardo DELL\OneDrive\Área de Trabalho\vanguard\CLIENTES\VANGUARD\NOTEBOOKLM_DROP para arquivos .md
[2026-06-07 10:09:24] [SKILL_WATCHER] [VANGUARD] Watcher ativo. Salve a Skill em: C:\Users\Eduardo DELL\OneDrive\Área de Trabalho\vanguard\CLIENTES\VANGUARD\NOTEBOOKLM_DROP
[2026-06-07 12:32:49] [SKILL_WATCHER] [VANGUARD] Iniciando -- monitorando C:\Users\Eduardo DELL\OneDrive\Área de Trabalho\vanguard\CLIENTES\VANGUARD\NOTEBOOKLM_DROP para arquivos .md
[2026-06-07 12:32:49] [SKILL_WATCHER] [VANGUARD] Watcher ativo. Salve a Skill em: C:\Users\Eduardo DELL\OneDrive\Área de Trabalho\vanguard\CLIENTES\VANGUARD\NOTEBOOKLM_DROP
[2026-06-07 13:40:25] [SKILL_WATCHER] [VANGUARD] Iniciando -- monitorando C:\Users\Eduardo DELL\OneDrive\Área de Trabalho\vanguard\CLIENTES\VANGUARD\NOTEBOOKLM_DROP para arquivos .md
[2026-06-07 13:40:25] [SKILL_WATCHER] [VANGUARD] Watcher ativo. Salve a Skill em: C:\Users\Eduardo DELL\OneDrive\Área de Trabalho\vanguard\CLIENTES\VANGUARD\NOTEBOOKLM_DROP
[2026-06-07 14:37:21] [SKILL_WATCHER] [VANGUARD] Iniciando -- monitorando C:\Users\Eduardo DELL\OneDrive\Área de Trabalho\vanguard\CLIENTES\VANGUARD\NOTEBOOKLM_DROP para arquivos .md
[2026-06-07 14:37:21] [SKILL_WATCHER] [VANGUARD] Watcher ativo. Salve a Skill em: C:\Users\Eduardo DELL\OneDrive\Área de Trabalho\vanguard\CLIENTES\VANGUARD\NOTEBOOKLM_DROP
